-------------------------------------------------------------------------------
Test set: com.fangxupeng.utils.StringUtilTest
-------------------------------------------------------------------------------
Tests run: 7, Failures: 6, Errors: 0, Skipped: 0, Time elapsed: 0.003 sec <<< FAILURE!
com.fangxupeng.utils.StringUtilTest.testRandomChineseString()  Time elapsed: 0 sec  <<< FAILURE!
java.lang.NoClassDefFoundError: org/junit/Assert
	at com.fangxupeng.utils.StringUtilTest.testRandomChineseString(StringUtilTest.java:34)
Caused by: java.lang.ClassNotFoundException: org.junit.Assert
	at java.net.URLClassLoader.findClass(URLClassLoader.java:381)
	at java.lang.ClassLoader.loadClass(ClassLoader.java:424)
	at sun.misc.Launcher$AppClassLoader.loadClass(Launcher.java:335)
	at java.lang.ClassLoader.loadClass(ClassLoader.java:357)
	... 19 more

com.fangxupeng.utils.StringUtilTest.testRandomChinese()  Time elapsed: 0 sec  <<< FAILURE!
java.lang.NoClassDefFoundError: org/junit/Assert
	at com.fangxupeng.utils.StringUtilTest.testRandomChinese(StringUtilTest.java:44)

com.fangxupeng.utils.StringUtilTest.testGenerateChineseName()  Time elapsed: 0 sec  <<< FAILURE!
java.lang.NoClassDefFoundError: org/junit/Assert
	at com.fangxupeng.utils.StringUtilTest.testGenerateChineseName(StringUtilTest.java:39)

com.fangxupeng.utils.StringUtilTest.testGetLastNumber()  Time elapsed: 0 sec  <<< FAILURE!
java.lang.NoClassDefFoundError: org/junit/Assert
	at com.fangxupeng.utils.StringUtilTest.testGetLastNumber(StringUtilTest.java:19)

com.fangxupeng.utils.StringUtilTest.testHasLength()  Time elapsed: 0 sec  <<< FAILURE!
java.lang.NoClassDefFoundError: org/junit/Assert
	at com.fangxupeng.utils.StringUtilTest.testHasLength(StringUtilTest.java:24)

com.fangxupeng.utils.StringUtilTest.testHasText()  Time elapsed: 0 sec  <<< FAILURE!
java.lang.NoClassDefFoundError: org/junit/Assert
	at com.fangxupeng.utils.StringUtilTest.testHasText(StringUtilTest.java:29)

